<?xml version="1.0" encoding="UTF-8"?>
<!-- Generated by org.testng.reporters.JUnitReportReporter -->
<testsuite hostname="DESKTOP-F6KMT2A" failures="0" tests="1" name="listTest.AutoListTest" time="8.164" errors="0" timestamp="2019-10-03T18:18:16 ICT" skipped="0">
  <testcase classname="listTest.AutoListTest" name="phimListTest" time="8.164"/>
</testsuite> <!-- listTest.AutoListTest -->
