<?xml version="1.0" encoding="UTF-8"?>
<!-- Generated by org.testng.reporters.JUnitReportReporter -->
<testsuite hostname="DESKTOP-F6KMT2A" failures="0" tests="3" name="Practice.RadioButtonTest" time="15.399" errors="0" timestamp="2019-10-04T13:52:47 ICT" skipped="0">
  <testcase classname="Practice.RadioButtonTest" name="rbMagazinesTest" time="4.954"/>
  <testcase classname="Practice.RadioButtonTest" name="rbnovelsTest" time="5.062"/>
  <testcase classname="Practice.RadioButtonTest" name="rbSelfhelpbooksTest" time="5.383"/>
</testsuite> <!-- Practice.RadioButtonTest -->
