<?xml version="1.0" encoding="UTF-8"?>
<!-- Generated by org.testng.reporters.JUnitReportReporter -->
<testsuite hostname="DESKTOP-F6KMT2A" failures="0" tests="8" name="Practice.CheckboxTest" time="43.357" errors="0" timestamp="2019-10-04T13:45:42 ICT" skipped="0">
  <testcase classname="Practice.CheckboxTest" name="chkBoxTricycle" time="5.472"/>
  <testcase classname="Practice.CheckboxTest" name="chkBoxBycicle" time="5.348"/>
  <testcase classname="Practice.CheckboxTest" name="chkBoxBike" time="5.473"/>
  <testcase classname="Practice.CheckboxTest" name="chkBoxHatchback" time="5.271"/>
  <testcase classname="Practice.CheckboxTest" name="chkBoxSedan" time="5.229"/>
  <testcase classname="Practice.CheckboxTest" name="chkBoxvan" time="5.372"/>
  <testcase classname="Practice.CheckboxTest" name="chkBoxsuv" time="5.525"/>
  <testcase classname="Practice.CheckboxTest" name="chkBoxtruck" time="5.667"/>
</testsuite> <!-- Practice.CheckboxTest -->
