<?xml version="1.0" encoding="UTF-8"?>
<!-- Generated by org.testng.reporters.JUnitReportReporter -->
<testsuite hostname="DESKTOP-F6KMT2A" failures="0" tests="8" name="Practice.NewTest" time="42.620" errors="0" timestamp="2019-10-04T13:11:47 ICT" skipped="0">
  <testcase classname="Practice.NewTest" name="chkBoxTricycle" time="5.943"/>
  <testcase classname="Practice.NewTest" name="chkBoxBycicle" time="5.285"/>
  <testcase classname="Practice.NewTest" name="chkBoxBike" time="5.401"/>
  <testcase classname="Practice.NewTest" name="chkBoxHatchback" time="5.187"/>
  <testcase classname="Practice.NewTest" name="chkBoxSedan" time="4.813"/>
  <testcase classname="Practice.NewTest" name="chkBoxvan" time="5.543"/>
  <testcase classname="Practice.NewTest" name="chkBoxsuv" time="5.578"/>
  <testcase classname="Practice.NewTest" name="chkBoxtruck" time="4.870"/>
</testsuite> <!-- Practice.NewTest -->
