<?xml version="1.0" encoding="UTF-8"?>
<!-- Generated by org.testng.reporters.JUnitReportReporter -->
<testsuite hostname="DESKTOP-F6KMT2A" failures="0" tests="7" name="Practice.multipleSelectList" time="35.604" errors="0" timestamp="2019-10-04T14:58:11 ICT" skipped="0">
  <testcase classname="Practice.multipleSelectList" name="slJavaTest" time="5.162"/>
  <testcase classname="Practice.multipleSelectList" name="slCTest" time="4.716"/>
  <testcase classname="Practice.multipleSelectList" name="slCSTest" time="5.221"/>
  <testcase classname="Practice.multipleSelectList" name="slJavaScriptTest" time="5.304"/>
  <testcase classname="Practice.multipleSelectList" name="slPythonTest" time="5.423"/>
  <testcase classname="Practice.multipleSelectList" name="slPHPTest" time="5.523"/>
  <testcase classname="Practice.multipleSelectList" name="slIsMultiple" time="4.255"/>
</testsuite> <!-- Practice.multipleSelectList -->
