<?xml version="1.0" encoding="UTF-8"?>
<!-- Generated by org.testng.reporters.JUnitReportReporter -->
<testsuite hostname="DESKTOP-F6KMT2A" failures="0" tests="6" name="Practice.selectListTest" time="31.698" errors="0" timestamp="2019-10-04T14:41:46 ICT" skipped="0">
  <testcase classname="Practice.selectListTest" name="slJavaTest" time="5.578"/>
  <testcase classname="Practice.selectListTest" name="slCTest" time="4.794"/>
  <testcase classname="Practice.selectListTest" name="slCSTest" time="5.503"/>
  <testcase classname="Practice.selectListTest" name="slJavaScriptTest" time="5.215"/>
  <testcase classname="Practice.selectListTest" name="slPythonTest" time="5.187"/>
  <testcase classname="Practice.selectListTest" name="slPHPTest" time="5.421"/>
</testsuite> <!-- Practice.selectListTest -->
